[2025-01-07 10:50:23] local.ERROR: There are no commands defined in the "strage" namespace.

Did you mean this?
    storage {"exception":"[object] (Symfony\\Component\\Console\\Exception\\NamespaceNotFoundException(code: 0): There are no commands defined in the \"strage\" namespace.

Did you mean this?
    storage at /mnt/vdb/GIRC/Son/daklak-krongana/vendor/symfony/console/Application.php:660)
[stacktrace]
#0 /mnt/vdb/GIRC/Son/daklak-krongana/vendor/symfony/console/Application.php(709): Symfony\\Component\\Console\\Application->findNamespace()
#1 /mnt/vdb/GIRC/Son/daklak-krongana/vendor/symfony/console/Application.php(284): Symfony\\Component\\Console\\Application->find()
#2 /mnt/vdb/GIRC/Son/daklak-krongana/vendor/symfony/console/Application.php(193): Symfony\\Component\\Console\\Application->doRun()
#3 /mnt/vdb/GIRC/Son/daklak-krongana/vendor/laravel/framework/src/Illuminate/Foundation/Console/Kernel.php(198): Symfony\\Component\\Console\\Application->run()
#4 /mnt/vdb/GIRC/Son/daklak-krongana/vendor/laravel/framework/src/Illuminate/Foundation/Application.php(1205): Illuminate\\Foundation\\Console\\Kernel->handle()
#5 /mnt/vdb/GIRC/Son/daklak-krongana/artisan(13): Illuminate\\Foundation\\Application->handleCommand()
#6 {main}
"} 
[2025-01-07 10:54:30] local.ERROR: SQLSTATE[08006] [7] FATAL:  password authentication failed for user "postgres" (Connection: pgsql, SQL: select exists (select 1 from pg_class c, pg_namespace n where n.nspname = 'public' and c.relname = 'migrations' and c.relkind in ('r', 'p') and n.oid = c.relnamespace)) {"exception":"[object] (Illuminate\\Database\\QueryException(code: 7): SQLSTATE[08006] [7] FATAL:  password authentication failed for user \"postgres\" (Connection: pgsql, SQL: select exists (select 1 from pg_class c, pg_namespace n where n.nspname = 'public' and c.relname = 'migrations' and c.relkind in ('r', 'p') and n.oid = c.relnamespace)) at /mnt/vdb/GIRC/Son/daklak-krongana/vendor/laravel/framework/src/Illuminate/Database/Connection.php:825)
[stacktrace]
#0 /mnt/vdb/GIRC/Son/daklak-krongana/vendor/laravel/framework/src/Illuminate/Database/Connection.php(779): Illuminate\\Database\\Connection->runQueryCallback()
#1 /mnt/vdb/GIRC/Son/daklak-krongana/vendor/laravel/framework/src/Illuminate/Database/Connection.php(398): Illuminate\\Database\\Connection->run()
#2 /mnt/vdb/GIRC/Son/daklak-krongana/vendor/laravel/framework/src/Illuminate/Database/Connection.php(344): Illuminate\\Database\\Connection->select()
#3 /mnt/vdb/GIRC/Son/daklak-krongana/vendor/laravel/framework/src/Illuminate/Database/Connection.php(361): Illuminate\\Database\\Connection->selectOne()
#4 /mnt/vdb/GIRC/Son/daklak-krongana/vendor/laravel/framework/src/Illuminate/Database/Schema/PostgresBuilder.php(52): Illuminate\\Database\\Connection->scalar()
#5 /mnt/vdb/GIRC/Son/daklak-krongana/vendor/laravel/framework/src/Illuminate/Database/Migrations/DatabaseMigrationRepository.php(184): Illuminate\\Database\\Schema\\PostgresBuilder->hasTable()
#6 /mnt/vdb/GIRC/Son/daklak-krongana/vendor/laravel/framework/src/Illuminate/Database/Migrations/Migrator.php(681): Illuminate\\Database\\Migrations\\DatabaseMigrationRepository->repositoryExists()
#7 /mnt/vdb/GIRC/Son/daklak-krongana/vendor/laravel/framework/src/Illuminate/Database/Console/Migrations/MigrateCommand.php(164): Illuminate\\Database\\Migrations\\Migrator->repositoryExists()
#8 /mnt/vdb/GIRC/Son/daklak-krongana/vendor/laravel/framework/src/Illuminate/Support/helpers.php(338): Illuminate\\Database\\Console\\Migrations\\MigrateCommand->Illuminate\\Database\\Console\\Migrations\\{closure}()
#9 /mnt/vdb/GIRC/Son/daklak-krongana/vendor/laravel/framework/src/Illuminate/Database/Console/Migrations/MigrateCommand.php(164): retry()
#10 /mnt/vdb/GIRC/Son/daklak-krongana/vendor/laravel/framework/src/Illuminate/Database/Console/Migrations/MigrateCommand.php(140): Illuminate\\Database\\Console\\Migrations\\MigrateCommand->repositoryExists()
#11 /mnt/vdb/GIRC/Son/daklak-krongana/vendor/laravel/framework/src/Illuminate/Database/Console/Migrations/MigrateCommand.php(110): Illuminate\\Database\\Console\\Migrations\\MigrateCommand->prepareDatabase()
#12 /mnt/vdb/GIRC/Son/daklak-krongana/vendor/laravel/framework/src/Illuminate/Database/Migrations/Migrator.php(616): Illuminate\\Database\\Console\\Migrations\\MigrateCommand->Illuminate\\Database\\Console\\Migrations\\{closure}()
#13 /mnt/vdb/GIRC/Son/daklak-krongana/vendor/laravel/framework/src/Illuminate/Database/Console/Migrations/MigrateCommand.php(109): Illuminate\\Database\\Migrations\\Migrator->usingConnection()
#14 /mnt/vdb/GIRC/Son/daklak-krongana/vendor/laravel/framework/src/Illuminate/Database/Console/Migrations/MigrateCommand.php(88): Illuminate\\Database\\Console\\Migrations\\MigrateCommand->runMigrations()
#15 /mnt/vdb/GIRC/Son/daklak-krongana/vendor/laravel/framework/src/Illuminate/Container/BoundMethod.php(36): Illuminate\\Database\\Console\\Migrations\\MigrateCommand->handle()
#16 /mnt/vdb/GIRC/Son/daklak-krongana/vendor/laravel/framework/src/Illuminate/Container/Util.php(43): Illuminate\\Container\\BoundMethod::Illuminate\\Container\\{closure}()
#17 /mnt/vdb/GIRC/Son/daklak-krongana/vendor/laravel/framework/src/Illuminate/Container/BoundMethod.php(95): Illuminate\\Container\\Util::unwrapIfClosure()
#18 /mnt/vdb/GIRC/Son/daklak-krongana/vendor/laravel/framework/src/Illuminate/Container/BoundMethod.php(35): Illuminate\\Container\\BoundMethod::callBoundMethod()
#19 /mnt/vdb/GIRC/Son/daklak-krongana/vendor/laravel/framework/src/Illuminate/Container/Container.php(694): Illuminate\\Container\\BoundMethod::call()
#20 /mnt/vdb/GIRC/Son/daklak-krongana/vendor/laravel/framework/src/Illuminate/Console/Command.php(213): Illuminate\\Container\\Container->call()
#21 /mnt/vdb/GIRC/Son/daklak-krongana/vendor/symfony/console/Command/Command.php(279): Illuminate\\Console\\Command->execute()
#22 /mnt/vdb/GIRC/Son/daklak-krongana/vendor/laravel/framework/src/Illuminate/Console/Command.php(182): Symfony\\Component\\Console\\Command\\Command->run()
#23 /mnt/vdb/GIRC/Son/daklak-krongana/vendor/symfony/console/Application.php(1094): Illuminate\\Console\\Command->run()
#24 /mnt/vdb/GIRC/Son/daklak-krongana/vendor/symfony/console/Application.php(342): Symfony\\Component\\Console\\Application->doRunCommand()
#25 /mnt/vdb/GIRC/Son/daklak-krongana/vendor/symfony/console/Application.php(193): Symfony\\Component\\Console\\Application->doRun()
#26 /mnt/vdb/GIRC/Son/daklak-krongana/vendor/laravel/framework/src/Illuminate/Foundation/Console/Kernel.php(198): Symfony\\Component\\Console\\Application->run()
#27 /mnt/vdb/GIRC/Son/daklak-krongana/vendor/laravel/framework/src/Illuminate/Foundation/Application.php(1205): Illuminate\\Foundation\\Console\\Kernel->handle()
#28 /mnt/vdb/GIRC/Son/daklak-krongana/artisan(13): Illuminate\\Foundation\\Application->handleCommand()
#29 {main}

[previous exception] [object] (PDOException(code: 7): SQLSTATE[08006] [7] FATAL:  password authentication failed for user \"postgres\" at /mnt/vdb/GIRC/Son/daklak-krongana/vendor/laravel/framework/src/Illuminate/Database/Connectors/Connector.php:66)
[stacktrace]
#0 /mnt/vdb/GIRC/Son/daklak-krongana/vendor/laravel/framework/src/Illuminate/Database/Connectors/Connector.php(66): PDO->__construct()
#1 /mnt/vdb/GIRC/Son/daklak-krongana/vendor/laravel/framework/src/Illuminate/Database/Connectors/Connector.php(44): Illuminate\\Database\\Connectors\\Connector->createPdoConnection()
#2 /mnt/vdb/GIRC/Son/daklak-krongana/vendor/laravel/framework/src/Illuminate/Database/Connectors/PostgresConnector.php(35): Illuminate\\Database\\Connectors\\Connector->createConnection()
#3 /mnt/vdb/GIRC/Son/daklak-krongana/vendor/laravel/framework/src/Illuminate/Database/Connectors/ConnectionFactory.php(185): Illuminate\\Database\\Connectors\\PostgresConnector->connect()
#4 [internal function]: Illuminate\\Database\\Connectors\\ConnectionFactory->Illuminate\\Database\\Connectors\\{closure}()
#5 /mnt/vdb/GIRC/Son/daklak-krongana/vendor/laravel/framework/src/Illuminate/Database/Connection.php(1231): call_user_func()
#6 /mnt/vdb/GIRC/Son/daklak-krongana/vendor/laravel/framework/src/Illuminate/Database/Connection.php(1267): Illuminate\\Database\\Connection->getPdo()
#7 /mnt/vdb/GIRC/Son/daklak-krongana/vendor/laravel/framework/src/Illuminate/Database/Connection.php(512): Illuminate\\Database\\Connection->getReadPdo()
#8 /mnt/vdb/GIRC/Son/daklak-krongana/vendor/laravel/framework/src/Illuminate/Database/Connection.php(407): Illuminate\\Database\\Connection->getPdoForSelect()
#9 /mnt/vdb/GIRC/Son/daklak-krongana/vendor/laravel/framework/src/Illuminate/Database/Connection.php(812): Illuminate\\Database\\Connection->Illuminate\\Database\\{closure}()
#10 /mnt/vdb/GIRC/Son/daklak-krongana/vendor/laravel/framework/src/Illuminate/Database/Connection.php(779): Illuminate\\Database\\Connection->runQueryCallback()
#11 /mnt/vdb/GIRC/Son/daklak-krongana/vendor/laravel/framework/src/Illuminate/Database/Connection.php(398): Illuminate\\Database\\Connection->run()
#12 /mnt/vdb/GIRC/Son/daklak-krongana/vendor/laravel/framework/src/Illuminate/Database/Connection.php(344): Illuminate\\Database\\Connection->select()
#13 /mnt/vdb/GIRC/Son/daklak-krongana/vendor/laravel/framework/src/Illuminate/Database/Connection.php(361): Illuminate\\Database\\Connection->selectOne()
#14 /mnt/vdb/GIRC/Son/daklak-krongana/vendor/laravel/framework/src/Illuminate/Database/Schema/PostgresBuilder.php(52): Illuminate\\Database\\Connection->scalar()
#15 /mnt/vdb/GIRC/Son/daklak-krongana/vendor/laravel/framework/src/Illuminate/Database/Migrations/DatabaseMigrationRepository.php(184): Illuminate\\Database\\Schema\\PostgresBuilder->hasTable()
#16 /mnt/vdb/GIRC/Son/daklak-krongana/vendor/laravel/framework/src/Illuminate/Database/Migrations/Migrator.php(681): Illuminate\\Database\\Migrations\\DatabaseMigrationRepository->repositoryExists()
#17 /mnt/vdb/GIRC/Son/daklak-krongana/vendor/laravel/framework/src/Illuminate/Database/Console/Migrations/MigrateCommand.php(164): Illuminate\\Database\\Migrations\\Migrator->repositoryExists()
#18 /mnt/vdb/GIRC/Son/daklak-krongana/vendor/laravel/framework/src/Illuminate/Support/helpers.php(338): Illuminate\\Database\\Console\\Migrations\\MigrateCommand->Illuminate\\Database\\Console\\Migrations\\{closure}()
#19 /mnt/vdb/GIRC/Son/daklak-krongana/vendor/laravel/framework/src/Illuminate/Database/Console/Migrations/MigrateCommand.php(164): retry()
#20 /mnt/vdb/GIRC/Son/daklak-krongana/vendor/laravel/framework/src/Illuminate/Database/Console/Migrations/MigrateCommand.php(140): Illuminate\\Database\\Console\\Migrations\\MigrateCommand->repositoryExists()
#21 /mnt/vdb/GIRC/Son/daklak-krongana/vendor/laravel/framework/src/Illuminate/Database/Console/Migrations/MigrateCommand.php(110): Illuminate\\Database\\Console\\Migrations\\MigrateCommand->prepareDatabase()
#22 /mnt/vdb/GIRC/Son/daklak-krongana/vendor/laravel/framework/src/Illuminate/Database/Migrations/Migrator.php(616): Illuminate\\Database\\Console\\Migrations\\MigrateCommand->Illuminate\\Database\\Console\\Migrations\\{closure}()
#23 /mnt/vdb/GIRC/Son/daklak-krongana/vendor/laravel/framework/src/Illuminate/Database/Console/Migrations/MigrateCommand.php(109): Illuminate\\Database\\Migrations\\Migrator->usingConnection()
#24 /mnt/vdb/GIRC/Son/daklak-krongana/vendor/laravel/framework/src/Illuminate/Database/Console/Migrations/MigrateCommand.php(88): Illuminate\\Database\\Console\\Migrations\\MigrateCommand->runMigrations()
#25 /mnt/vdb/GIRC/Son/daklak-krongana/vendor/laravel/framework/src/Illuminate/Container/BoundMethod.php(36): Illuminate\\Database\\Console\\Migrations\\MigrateCommand->handle()
#26 /mnt/vdb/GIRC/Son/daklak-krongana/vendor/laravel/framework/src/Illuminate/Container/Util.php(43): Illuminate\\Container\\BoundMethod::Illuminate\\Container\\{closure}()
#27 /mnt/vdb/GIRC/Son/daklak-krongana/vendor/laravel/framework/src/Illuminate/Container/BoundMethod.php(95): Illuminate\\Container\\Util::unwrapIfClosure()
#28 /mnt/vdb/GIRC/Son/daklak-krongana/vendor/laravel/framework/src/Illuminate/Container/BoundMethod.php(35): Illuminate\\Container\\BoundMethod::callBoundMethod()
#29 /mnt/vdb/GIRC/Son/daklak-krongana/vendor/laravel/framework/src/Illuminate/Container/Container.php(694): Illuminate\\Container\\BoundMethod::call()
#30 /mnt/vdb/GIRC/Son/daklak-krongana/vendor/laravel/framework/src/Illuminate/Console/Command.php(213): Illuminate\\Container\\Container->call()
#31 /mnt/vdb/GIRC/Son/daklak-krongana/vendor/symfony/console/Command/Command.php(279): Illuminate\\Console\\Command->execute()
#32 /mnt/vdb/GIRC/Son/daklak-krongana/vendor/laravel/framework/src/Illuminate/Console/Command.php(182): Symfony\\Component\\Console\\Command\\Command->run()
#33 /mnt/vdb/GIRC/Son/daklak-krongana/vendor/symfony/console/Application.php(1094): Illuminate\\Console\\Command->run()
#34 /mnt/vdb/GIRC/Son/daklak-krongana/vendor/symfony/console/Application.php(342): Symfony\\Component\\Console\\Application->doRunCommand()
#35 /mnt/vdb/GIRC/Son/daklak-krongana/vendor/symfony/console/Application.php(193): Symfony\\Component\\Console\\Application->doRun()
#36 /mnt/vdb/GIRC/Son/daklak-krongana/vendor/laravel/framework/src/Illuminate/Foundation/Console/Kernel.php(198): Symfony\\Component\\Console\\Application->run()
#37 /mnt/vdb/GIRC/Son/daklak-krongana/vendor/laravel/framework/src/Illuminate/Foundation/Application.php(1205): Illuminate\\Foundation\\Console\\Kernel->handle()
#38 /mnt/vdb/GIRC/Son/daklak-krongana/artisan(13): Illuminate\\Foundation\\Application->handleCommand()
#39 {main}
"} 
[2025-01-07 10:57:22] local.ERROR: SQLSTATE[08006] [7] FATAL:  password authentication failed for user "postgres" (Connection: pgsql, SQL: select exists (select 1 from pg_class c, pg_namespace n where n.nspname = 'public' and c.relname = 'migrations' and c.relkind in ('r', 'p') and n.oid = c.relnamespace)) {"exception":"[object] (Illuminate\\Database\\QueryException(code: 7): SQLSTATE[08006] [7] FATAL:  password authentication failed for user \"postgres\" (Connection: pgsql, SQL: select exists (select 1 from pg_class c, pg_namespace n where n.nspname = 'public' and c.relname = 'migrations' and c.relkind in ('r', 'p') and n.oid = c.relnamespace)) at /mnt/vdb/GIRC/Son/daklak-krongana/vendor/laravel/framework/src/Illuminate/Database/Connection.php:825)
[stacktrace]
#0 /mnt/vdb/GIRC/Son/daklak-krongana/vendor/laravel/framework/src/Illuminate/Database/Connection.php(779): Illuminate\\Database\\Connection->runQueryCallback()
#1 /mnt/vdb/GIRC/Son/daklak-krongana/vendor/laravel/framework/src/Illuminate/Database/Connection.php(398): Illuminate\\Database\\Connection->run()
#2 /mnt/vdb/GIRC/Son/daklak-krongana/vendor/laravel/framework/src/Illuminate/Database/Connection.php(344): Illuminate\\Database\\Connection->select()
#3 /mnt/vdb/GIRC/Son/daklak-krongana/vendor/laravel/framework/src/Illuminate/Database/Connection.php(361): Illuminate\\Database\\Connection->selectOne()
#4 /mnt/vdb/GIRC/Son/daklak-krongana/vendor/laravel/framework/src/Illuminate/Database/Schema/PostgresBuilder.php(52): Illuminate\\Database\\Connection->scalar()
#5 /mnt/vdb/GIRC/Son/daklak-krongana/vendor/laravel/framework/src/Illuminate/Database/Migrations/DatabaseMigrationRepository.php(184): Illuminate\\Database\\Schema\\PostgresBuilder->hasTable()
#6 /mnt/vdb/GIRC/Son/daklak-krongana/vendor/laravel/framework/src/Illuminate/Database/Migrations/Migrator.php(681): Illuminate\\Database\\Migrations\\DatabaseMigrationRepository->repositoryExists()
#7 /mnt/vdb/GIRC/Son/daklak-krongana/vendor/laravel/framework/src/Illuminate/Database/Console/Migrations/MigrateCommand.php(164): Illuminate\\Database\\Migrations\\Migrator->repositoryExists()
#8 /mnt/vdb/GIRC/Son/daklak-krongana/vendor/laravel/framework/src/Illuminate/Support/helpers.php(338): Illuminate\\Database\\Console\\Migrations\\MigrateCommand->Illuminate\\Database\\Console\\Migrations\\{closure}()
#9 /mnt/vdb/GIRC/Son/daklak-krongana/vendor/laravel/framework/src/Illuminate/Database/Console/Migrations/MigrateCommand.php(164): retry()
#10 /mnt/vdb/GIRC/Son/daklak-krongana/vendor/laravel/framework/src/Illuminate/Database/Console/Migrations/MigrateCommand.php(140): Illuminate\\Database\\Console\\Migrations\\MigrateCommand->repositoryExists()
#11 /mnt/vdb/GIRC/Son/daklak-krongana/vendor/laravel/framework/src/Illuminate/Database/Console/Migrations/MigrateCommand.php(110): Illuminate\\Database\\Console\\Migrations\\MigrateCommand->prepareDatabase()
#12 /mnt/vdb/GIRC/Son/daklak-krongana/vendor/laravel/framework/src/Illuminate/Database/Migrations/Migrator.php(616): Illuminate\\Database\\Console\\Migrations\\MigrateCommand->Illuminate\\Database\\Console\\Migrations\\{closure}()
#13 /mnt/vdb/GIRC/Son/daklak-krongana/vendor/laravel/framework/src/Illuminate/Database/Console/Migrations/MigrateCommand.php(109): Illuminate\\Database\\Migrations\\Migrator->usingConnection()
#14 /mnt/vdb/GIRC/Son/daklak-krongana/vendor/laravel/framework/src/Illuminate/Database/Console/Migrations/MigrateCommand.php(88): Illuminate\\Database\\Console\\Migrations\\MigrateCommand->runMigrations()
#15 /mnt/vdb/GIRC/Son/daklak-krongana/vendor/laravel/framework/src/Illuminate/Container/BoundMethod.php(36): Illuminate\\Database\\Console\\Migrations\\MigrateCommand->handle()
#16 /mnt/vdb/GIRC/Son/daklak-krongana/vendor/laravel/framework/src/Illuminate/Container/Util.php(43): Illuminate\\Container\\BoundMethod::Illuminate\\Container\\{closure}()
#17 /mnt/vdb/GIRC/Son/daklak-krongana/vendor/laravel/framework/src/Illuminate/Container/BoundMethod.php(95): Illuminate\\Container\\Util::unwrapIfClosure()
#18 /mnt/vdb/GIRC/Son/daklak-krongana/vendor/laravel/framework/src/Illuminate/Container/BoundMethod.php(35): Illuminate\\Container\\BoundMethod::callBoundMethod()
#19 /mnt/vdb/GIRC/Son/daklak-krongana/vendor/laravel/framework/src/Illuminate/Container/Container.php(694): Illuminate\\Container\\BoundMethod::call()
#20 /mnt/vdb/GIRC/Son/daklak-krongana/vendor/laravel/framework/src/Illuminate/Console/Command.php(213): Illuminate\\Container\\Container->call()
#21 /mnt/vdb/GIRC/Son/daklak-krongana/vendor/symfony/console/Command/Command.php(279): Illuminate\\Console\\Command->execute()
#22 /mnt/vdb/GIRC/Son/daklak-krongana/vendor/laravel/framework/src/Illuminate/Console/Command.php(182): Symfony\\Component\\Console\\Command\\Command->run()
#23 /mnt/vdb/GIRC/Son/daklak-krongana/vendor/symfony/console/Application.php(1094): Illuminate\\Console\\Command->run()
#24 /mnt/vdb/GIRC/Son/daklak-krongana/vendor/symfony/console/Application.php(342): Symfony\\Component\\Console\\Application->doRunCommand()
#25 /mnt/vdb/GIRC/Son/daklak-krongana/vendor/symfony/console/Application.php(193): Symfony\\Component\\Console\\Application->doRun()
#26 /mnt/vdb/GIRC/Son/daklak-krongana/vendor/laravel/framework/src/Illuminate/Foundation/Console/Kernel.php(198): Symfony\\Component\\Console\\Application->run()
#27 /mnt/vdb/GIRC/Son/daklak-krongana/vendor/laravel/framework/src/Illuminate/Foundation/Application.php(1205): Illuminate\\Foundation\\Console\\Kernel->handle()
#28 /mnt/vdb/GIRC/Son/daklak-krongana/artisan(13): Illuminate\\Foundation\\Application->handleCommand()
#29 {main}

[previous exception] [object] (PDOException(code: 7): SQLSTATE[08006] [7] FATAL:  password authentication failed for user \"postgres\" at /mnt/vdb/GIRC/Son/daklak-krongana/vendor/laravel/framework/src/Illuminate/Database/Connectors/Connector.php:66)
[stacktrace]
#0 /mnt/vdb/GIRC/Son/daklak-krongana/vendor/laravel/framework/src/Illuminate/Database/Connectors/Connector.php(66): PDO->__construct()
#1 /mnt/vdb/GIRC/Son/daklak-krongana/vendor/laravel/framework/src/Illuminate/Database/Connectors/Connector.php(44): Illuminate\\Database\\Connectors\\Connector->createPdoConnection()
#2 /mnt/vdb/GIRC/Son/daklak-krongana/vendor/laravel/framework/src/Illuminate/Database/Connectors/PostgresConnector.php(35): Illuminate\\Database\\Connectors\\Connector->createConnection()
#3 /mnt/vdb/GIRC/Son/daklak-krongana/vendor/laravel/framework/src/Illuminate/Database/Connectors/ConnectionFactory.php(185): Illuminate\\Database\\Connectors\\PostgresConnector->connect()
#4 [internal function]: Illuminate\\Database\\Connectors\\ConnectionFactory->Illuminate\\Database\\Connectors\\{closure}()
#5 /mnt/vdb/GIRC/Son/daklak-krongana/vendor/laravel/framework/src/Illuminate/Database/Connection.php(1231): call_user_func()
#6 /mnt/vdb/GIRC/Son/daklak-krongana/vendor/laravel/framework/src/Illuminate/Database/Connection.php(1267): Illuminate\\Database\\Connection->getPdo()
#7 /mnt/vdb/GIRC/Son/daklak-krongana/vendor/laravel/framework/src/Illuminate/Database/Connection.php(512): Illuminate\\Database\\Connection->getReadPdo()
#8 /mnt/vdb/GIRC/Son/daklak-krongana/vendor/laravel/framework/src/Illuminate/Database/Connection.php(407): Illuminate\\Database\\Connection->getPdoForSelect()
#9 /mnt/vdb/GIRC/Son/daklak-krongana/vendor/laravel/framework/src/Illuminate/Database/Connection.php(812): Illuminate\\Database\\Connection->Illuminate\\Database\\{closure}()
#10 /mnt/vdb/GIRC/Son/daklak-krongana/vendor/laravel/framework/src/Illuminate/Database/Connection.php(779): Illuminate\\Database\\Connection->runQueryCallback()
#11 /mnt/vdb/GIRC/Son/daklak-krongana/vendor/laravel/framework/src/Illuminate/Database/Connection.php(398): Illuminate\\Database\\Connection->run()
#12 /mnt/vdb/GIRC/Son/daklak-krongana/vendor/laravel/framework/src/Illuminate/Database/Connection.php(344): Illuminate\\Database\\Connection->select()
#13 /mnt/vdb/GIRC/Son/daklak-krongana/vendor/laravel/framework/src/Illuminate/Database/Connection.php(361): Illuminate\\Database\\Connection->selectOne()
#14 /mnt/vdb/GIRC/Son/daklak-krongana/vendor/laravel/framework/src/Illuminate/Database/Schema/PostgresBuilder.php(52): Illuminate\\Database\\Connection->scalar()
#15 /mnt/vdb/GIRC/Son/daklak-krongana/vendor/laravel/framework/src/Illuminate/Database/Migrations/DatabaseMigrationRepository.php(184): Illuminate\\Database\\Schema\\PostgresBuilder->hasTable()
#16 /mnt/vdb/GIRC/Son/daklak-krongana/vendor/laravel/framework/src/Illuminate/Database/Migrations/Migrator.php(681): Illuminate\\Database\\Migrations\\DatabaseMigrationRepository->repositoryExists()
#17 /mnt/vdb/GIRC/Son/daklak-krongana/vendor/laravel/framework/src/Illuminate/Database/Console/Migrations/MigrateCommand.php(164): Illuminate\\Database\\Migrations\\Migrator->repositoryExists()
#18 /mnt/vdb/GIRC/Son/daklak-krongana/vendor/laravel/framework/src/Illuminate/Support/helpers.php(338): Illuminate\\Database\\Console\\Migrations\\MigrateCommand->Illuminate\\Database\\Console\\Migrations\\{closure}()
#19 /mnt/vdb/GIRC/Son/daklak-krongana/vendor/laravel/framework/src/Illuminate/Database/Console/Migrations/MigrateCommand.php(164): retry()
#20 /mnt/vdb/GIRC/Son/daklak-krongana/vendor/laravel/framework/src/Illuminate/Database/Console/Migrations/MigrateCommand.php(140): Illuminate\\Database\\Console\\Migrations\\MigrateCommand->repositoryExists()
#21 /mnt/vdb/GIRC/Son/daklak-krongana/vendor/laravel/framework/src/Illuminate/Database/Console/Migrations/MigrateCommand.php(110): Illuminate\\Database\\Console\\Migrations\\MigrateCommand->prepareDatabase()
#22 /mnt/vdb/GIRC/Son/daklak-krongana/vendor/laravel/framework/src/Illuminate/Database/Migrations/Migrator.php(616): Illuminate\\Database\\Console\\Migrations\\MigrateCommand->Illuminate\\Database\\Console\\Migrations\\{closure}()
#23 /mnt/vdb/GIRC/Son/daklak-krongana/vendor/laravel/framework/src/Illuminate/Database/Console/Migrations/MigrateCommand.php(109): Illuminate\\Database\\Migrations\\Migrator->usingConnection()
#24 /mnt/vdb/GIRC/Son/daklak-krongana/vendor/laravel/framework/src/Illuminate/Database/Console/Migrations/MigrateCommand.php(88): Illuminate\\Database\\Console\\Migrations\\MigrateCommand->runMigrations()
#25 /mnt/vdb/GIRC/Son/daklak-krongana/vendor/laravel/framework/src/Illuminate/Container/BoundMethod.php(36): Illuminate\\Database\\Console\\Migrations\\MigrateCommand->handle()
#26 /mnt/vdb/GIRC/Son/daklak-krongana/vendor/laravel/framework/src/Illuminate/Container/Util.php(43): Illuminate\\Container\\BoundMethod::Illuminate\\Container\\{closure}()
#27 /mnt/vdb/GIRC/Son/daklak-krongana/vendor/laravel/framework/src/Illuminate/Container/BoundMethod.php(95): Illuminate\\Container\\Util::unwrapIfClosure()
#28 /mnt/vdb/GIRC/Son/daklak-krongana/vendor/laravel/framework/src/Illuminate/Container/BoundMethod.php(35): Illuminate\\Container\\BoundMethod::callBoundMethod()
#29 /mnt/vdb/GIRC/Son/daklak-krongana/vendor/laravel/framework/src/Illuminate/Container/Container.php(694): Illuminate\\Container\\BoundMethod::call()
#30 /mnt/vdb/GIRC/Son/daklak-krongana/vendor/laravel/framework/src/Illuminate/Console/Command.php(213): Illuminate\\Container\\Container->call()
#31 /mnt/vdb/GIRC/Son/daklak-krongana/vendor/symfony/console/Command/Command.php(279): Illuminate\\Console\\Command->execute()
#32 /mnt/vdb/GIRC/Son/daklak-krongana/vendor/laravel/framework/src/Illuminate/Console/Command.php(182): Symfony\\Component\\Console\\Command\\Command->run()
#33 /mnt/vdb/GIRC/Son/daklak-krongana/vendor/symfony/console/Application.php(1094): Illuminate\\Console\\Command->run()
#34 /mnt/vdb/GIRC/Son/daklak-krongana/vendor/symfony/console/Application.php(342): Symfony\\Component\\Console\\Application->doRunCommand()
#35 /mnt/vdb/GIRC/Son/daklak-krongana/vendor/symfony/console/Application.php(193): Symfony\\Component\\Console\\Application->doRun()
#36 /mnt/vdb/GIRC/Son/daklak-krongana/vendor/laravel/framework/src/Illuminate/Foundation/Console/Kernel.php(198): Symfony\\Component\\Console\\Application->run()
#37 /mnt/vdb/GIRC/Son/daklak-krongana/vendor/laravel/framework/src/Illuminate/Foundation/Application.php(1205): Illuminate\\Foundation\\Console\\Kernel->handle()
#38 /mnt/vdb/GIRC/Son/daklak-krongana/artisan(13): Illuminate\\Foundation\\Application->handleCommand()
#39 {main}
"} 
